<?xml version="1.0" encoding="UTF-8"?>
<Site BuildName="(empty)"
	BuildStamp="20240529-1341-Experimental"
	Name="hydra"
	Generator="ctest-3.16.3"
	CompilerName="/usr/bin/c++"
	CompilerVersion="9.4.0"
	OSName="Linux"
	Hostname="hydra"
	OSRelease="5.4.0-182-generic"
	OSVersion="#202-Ubuntu SMP Fri Apr 26 12:29:36 UTC 2024"
	OSPlatform="x86_64"
	Is64Bits="1"
	VendorString="GenuineIntel"
	VendorID="Intel Corporation"
	FamilyID="6"
	ModelID="140"
	ProcessorCacheSize="16384"
	NumberOfLogicalCPU="3"
	NumberOfPhysicalCPU="3"
	TotalVirtualMemory="1955"
	TotalPhysicalMemory="6676"
	LogicalProcessorsPerPhysical="1"
	ProcessorClockFrequency="3417.6"
	>
	<Testing>
		<StartDateTime>May 29 13:54 UTC</StartDateTime>
		<StartTestTime>1716990895</StartTestTime>
		<TestList/>
		<EndDateTime>May 29 13:54 UTC</EndDateTime>
		<EndTestTime>1716990895</EndTestTime>
		<ElapsedMinutes>0</ElapsedMinutes>
	</Testing>
</Site>
